<?xml version="1.0" encoding="UTF-8"?>
<!-- Generated by org.testng.reporters.JUnitXMLReporter -->
<testsuite ignored="2" hostname="DESKTOP-IP2C3ML" failures="0" tests="1" name="Default test" time="2.92" errors="0" timestamp="2025-02-06T20:08:08 IST">
  <testcase classname="petstore.api.test.UserTests" name="test_CreateUser" time="2.701"/>
  <testcase classname="petstore.api.test.UserTests" name="test_UpdateUser" time="0.0">
    <ignored/>
  </testcase> <!-- test_UpdateUser -->
  <testcase classname="petstore.api.test.UserTests" name="test_GetUser" time="0.0">
    <ignored/>
  </testcase> <!-- test_GetUser -->
</testsuite> <!-- Default test -->
